  main.cpp
D:\GitHubRepos\CourseProject\CourseProject\CourseProject\VectorUtility.hpp(74,2): warning C4091: 'static ': ignored on left of 'VectorUtility' when no variable is declared
D:\GitHubRepos\CourseProject\CourseProject\CourseProject\Serializable.hpp(7,1): warning C5204: 'Serializable': class has virtual functions, but its trivial destructor is not virtual; instances of objects derived from this class may not be destructed correctly
D:\GitHubRepos\CourseProject\CourseProject\CourseProject\Storable.hpp(20,1): warning C4820: 'Storable<unsigned int>': '4' bytes padding added after data member 'Storable<unsigned int>::id'
D:\GitHubRepos\CourseProject\CourseProject\CourseProject\Player.hpp(6,46): message : see reference to class template instantiation 'Storable<unsigned int>' being compiled
D:\GitHubRepos\CourseProject\CourseProject\CourseProject\Player.hpp(24,1): warning C4820: 'Player': '4' bytes padding added after data member 'Player::highScore'
D:\GitHubRepos\CourseProject\CourseProject\CourseProject\FileManager.hpp(39,1): warning C4820: 'FileManager<Player,unsigned int>': '7' bytes padding added after data member 'FileManager<Player,unsigned int>::auto_inc'
D:\GitHubRepos\CourseProject\CourseProject\CourseProject\PlayerManager.hpp(5,64): message : see reference to class template instantiation 'FileManager<Player,unsigned int>' being compiled
D:\GitHubRepos\CourseProject\CourseProject\CourseProject\FileManager.hpp(38,3): warning C4265: 'FileManager<Player,unsigned int>': class has virtual functions, but its non-trivial destructor is not virtual; instances of this class may not be destructed correctly
D:\GitHubRepos\CourseProject\CourseProject\CourseProject\PlayerManager.hpp(13,1): warning C4625: 'PlayerManager': copy constructor was implicitly defined as deleted
D:\GitHubRepos\CourseProject\CourseProject\CourseProject\PlayerManager.hpp(13,1): warning C5026: 'PlayerManager': move constructor was implicitly defined as deleted
D:\GitHubRepos\CourseProject\CourseProject\CourseProject\PlayerManager.hpp(13,1): warning C4626: 'PlayerManager': assignment operator was implicitly defined as deleted
D:\GitHubRepos\CourseProject\CourseProject\CourseProject\PlayerManager.hpp(13,1): warning C5027: 'PlayerManager': move assignment operator was implicitly defined as deleted
D:\GitHubRepos\CourseProject\CourseProject\CourseProject\PlayerManager.hpp(13,1): warning C4265: 'PlayerManager': class has virtual functions, but its non-trivial destructor is not virtual; instances of this class may not be destructed correctly
D:\GitHubRepos\CourseProject\CourseProject\CourseProject\Board.hpp(23,1): warning C4820: 'Board': '4' bytes padding added after data member 'Board::board'
D:\GitHubRepos\CourseProject\CourseProject\CourseProject\Board.hpp(23,1): warning C5204: 'Board': class has virtual functions, but its trivial destructor is not virtual; instances of objects derived from this class may not be destructed correctly
C:\Program Files (x86)\Windows Kits\10\Include\10.0.22000.0\um\winbase.h(7723,48): warning C5039: 'TpSetCallbackCleanupGroup': pointer or reference to potentially throwing function passed to 'extern "C"' function under -EHc. Undefined behavior may occur if this function throws an exception.
C:\Program Files (x86)\Windows Kits\10\Include\10.0.22000.0\um\winioctl.h(11004,22): warning C4668: '_WIN32_WINNT_WIN10_TH2' is not defined as a preprocessor macro, replacing with '0' for '#if/#elif'
C:\Program Files (x86)\Windows Kits\10\Include\10.0.22000.0\um\winioctl.h(11010,22): warning C4668: '_WIN32_WINNT_WIN10_RS1' is not defined as a preprocessor macro, replacing with '0' for '#if/#elif'
C:\Program Files (x86)\Windows Kits\10\Include\10.0.22000.0\um\winioctl.h(11015,22): warning C4668: '_WIN32_WINNT_WIN10_TH2' is not defined as a preprocessor macro, replacing with '0' for '#if/#elif'
C:\Program Files (x86)\Windows Kits\10\Include\10.0.22000.0\um\winioctl.h(11020,22): warning C4668: '_WIN32_WINNT_WIN10_TH2' is not defined as a preprocessor macro, replacing with '0' for '#if/#elif'
C:\Program Files (x86)\Windows Kits\10\Include\10.0.22000.0\um\winioctl.h(11027,22): warning C4668: '_WIN32_WINNT_WIN10_RS1' is not defined as a preprocessor macro, replacing with '0' for '#if/#elif'
C:\Program Files (x86)\Windows Kits\10\Include\10.0.22000.0\um\winioctl.h(11032,22): warning C4668: '_WIN32_WINNT_WIN10_RS2' is not defined as a preprocessor macro, replacing with '0' for '#if/#elif'
C:\Program Files (x86)\Windows Kits\10\Include\10.0.22000.0\um\winioctl.h(11043,22): warning C4668: '_WIN32_WINNT_WIN10_RS2' is not defined as a preprocessor macro, replacing with '0' for '#if/#elif'
C:\Program Files (x86)\Windows Kits\10\Include\10.0.22000.0\um\winioctl.h(11048,22): warning C4668: '_WIN32_WINNT_WIN10_TH2' is not defined as a preprocessor macro, replacing with '0' for '#if/#elif'
C:\Program Files (x86)\Windows Kits\10\Include\10.0.22000.0\um\winioctl.h(11054,22): warning C4668: '_WIN32_WINNT_WIN10_RS3' is not defined as a preprocessor macro, replacing with '0' for '#if/#elif'
C:\Program Files (x86)\Windows Kits\10\Include\10.0.22000.0\um\winioctl.h(11062,22): warning C4668: '_WIN32_WINNT_WIN10_RS4' is not defined as a preprocessor macro, replacing with '0' for '#if/#elif'
C:\Program Files (x86)\Windows Kits\10\Include\10.0.22000.0\um\winioctl.h(11066,22): warning C4668: '_WIN32_WINNT_WIN10_RS1' is not defined as a preprocessor macro, replacing with '0' for '#if/#elif'
C:\Program Files (x86)\Windows Kits\10\Include\10.0.22000.0\um\winioctl.h(11070,22): warning C4668: '_WIN32_WINNT_WIN10_RS4' is not defined as a preprocessor macro, replacing with '0' for '#if/#elif'
C:\Program Files (x86)\Windows Kits\10\Include\10.0.22000.0\um\winioctl.h(11075,22): warning C4668: '_WIN32_WINNT_WIN10_RS1' is not defined as a preprocessor macro, replacing with '0' for '#if/#elif'
C:\Program Files (x86)\Windows Kits\10\Include\10.0.22000.0\um\winioctl.h(11078,22): warning C4668: '_WIN32_WINNT_WIN10_RS5' is not defined as a preprocessor macro, replacing with '0' for '#if/#elif'
C:\Program Files (x86)\Windows Kits\10\Include\10.0.22000.0\um\winioctl.h(11293,22): warning C4668: '_WIN32_WINNT_WIN10_RS2' is not defined as a preprocessor macro, replacing with '0' for '#if/#elif'
C:\Program Files (x86)\Windows Kits\10\Include\10.0.22000.0\um\winioctl.h(11317,22): warning C4668: '_WIN32_WINNT_WIN10_RS5' is not defined as a preprocessor macro, replacing with '0' for '#if/#elif'
C:\Program Files (x86)\Windows Kits\10\Include\10.0.22000.0\um\winioctl.h(14840,22): warning C4668: '_WIN32_WINNT_WIN10_RS5' is not defined as a preprocessor macro, replacing with '0' for '#if/#elif'
C:\Program Files (x86)\Windows Kits\10\Include\10.0.22000.0\um\winioctl.h(15042,22): warning C4668: '_WIN32_WINNT_WIN10_RS5' is not defined as a preprocessor macro, replacing with '0' for '#if/#elif'
C:\Program Files (x86)\Windows Kits\10\Include\10.0.22000.0\um\winioctl.h(15145,22): warning C4668: '_WIN32_WINNT_WIN10_RS5' is not defined as a preprocessor macro, replacing with '0' for '#if/#elif'
C:\Program Files (x86)\Windows Kits\10\Include\10.0.22000.0\um\winioctl.h(15241,21): warning C4668: '_WIN32_WINNT_WIN10_RS5' is not defined as a preprocessor macro, replacing with '0' for '#if/#elif'
C:\Program Files (x86)\Windows Kits\10\Include\10.0.22000.0\um\winioctl.h(15345,22): warning C4668: '_WIN32_WINNT_WIN10_RS5' is not defined as a preprocessor macro, replacing with '0' for '#if/#elif'
C:\Program Files (x86)\Windows Kits\10\Include\10.0.22000.0\um\winioctl.h(16089,23): warning C4668: '_WIN32_WINNT_WIN10_RS2' is not defined as a preprocessor macro, replacing with '0' for '#if/#elif'
C:\Program Files (x86)\Windows Kits\10\Include\10.0.22000.0\um\winioctl.h(16177,22): warning C4668: '_WIN32_WINNT_WIN10_RS2' is not defined as a preprocessor macro, replacing with '0' for '#if/#elif'
C:\Program Files (x86)\Windows Kits\10\Include\10.0.22000.0\um\winioctl.h(16303,22): warning C4668: '_WIN32_WINNT_WIN10_RS3' is not defined as a preprocessor macro, replacing with '0' for '#if/#elif'
C:\Program Files (x86)\Windows Kits\10\Include\10.0.22000.0\um\winioctl.h(16452,22): warning C4668: '_WIN32_WINNT_WIN10_RS4' is not defined as a preprocessor macro, replacing with '0' for '#if/#elif'
C:\Program Files (x86)\Windows Kits\10\Include\10.0.22000.0\um\winioctl.h(16465,22): warning C4668: '_WIN32_WINNT_WIN10_RS4' is not defined as a preprocessor macro, replacing with '0' for '#if/#elif'
C:\Program Files (x86)\Windows Kits\10\Include\10.0.22000.0\um\winioctl.h(16694,22): warning C4668: '_WIN32_WINNT_WIN10_RS1' is not defined as a preprocessor macro, replacing with '0' for '#if/#elif'
D:\GitHubRepos\CourseProject\CourseProject\CourseProject\Libraries\color.hpp(121,71): warning C4242: 'argument': conversion from 'int' to 'WORD', possible loss of data
D:\GitHubRepos\CourseProject\CourseProject\CourseProject\Libraries\color.hpp(121,71): warning C4365: 'argument': conversion from 'int' to 'WORD', signed/unsigned mismatch
D:\GitHubRepos\CourseProject\CourseProject\CourseProject\Position.hpp(20,1): warning C4820: 'Position': '7' bytes padding added after data member 'Position::_board'
D:\GitHubRepos\CourseProject\CourseProject\CourseProject\Position.hpp(20,1): warning C5204: 'Position': class has virtual functions, but its trivial destructor is not virtual; instances of objects derived from this class may not be destructed correctly
D:\GitHubRepos\CourseProject\CourseProject\CourseProject\Selection.hpp(27,1): warning C4820: 'Selection': '4' bytes padding added after data member 'Selection::n'
D:\GitHubRepos\CourseProject\CourseProject\CourseProject\Character.hpp(27,22): warning C4820: 'Character': '2' bytes padding added after data member 'Character::symbol'
D:\GitHubRepos\CourseProject\CourseProject\CourseProject\Character.hpp(52,1): warning C4626: 'Character': assignment operator was implicitly defined as deleted
D:\GitHubRepos\CourseProject\CourseProject\CourseProject\Character.hpp(31,113): warning C5038: data member 'Character::selectionColor' will be initialized after data member 'Character::cooldown'
D:\GitHubRepos\CourseProject\CourseProject\CourseProject\Character.hpp(49,19): warning C4244: 'return': conversion from 'int' to 'char', possible loss of data
D:\GitHubRepos\CourseProject\CourseProject\CourseProject\BothBoardsPosition.hpp(12,1): warning C5204: 'BothBoardsPosition': class has virtual functions, but its trivial destructor is not virtual; instances of objects derived from this class may not be destructed correctly
D:\GitHubRepos\CourseProject\CourseProject\CourseProject\Ash.hpp(11,21): warning C4820: 'Ash': '6' bytes padding added after data member 'Ash::player'
D:\GitHubRepos\CourseProject\CourseProject\CourseProject\Ash.hpp(60,1): warning C4626: 'Ash': assignment operator was implicitly defined as deleted
D:\GitHubRepos\CourseProject\CourseProject\CourseProject\Ash.hpp(60,1): warning C5027: 'Ash': move assignment operator was implicitly defined as deleted
D:\GitHubRepos\CourseProject\CourseProject\CourseProject\Ash.hpp(17,185): warning C5038: data member 'Ash::opponentCharacter' will be initialized after data member 'Ash::player'
D:\GitHubRepos\CourseProject\CourseProject\CourseProject\Ash.hpp(26,7): warning C4458: declaration of 'x' hides class member
D:\GitHubRepos\CourseProject\CourseProject\CourseProject\Ash.hpp(7,6): message : see declaration of 'Ash::x'
D:\GitHubRepos\CourseProject\CourseProject\CourseProject\Ash.hpp(27,7): warning C4458: declaration of 'y' hides class member
D:\GitHubRepos\CourseProject\CourseProject\CourseProject\Ash.hpp(8,6): message : see declaration of 'Ash::y'
D:\GitHubRepos\CourseProject\CourseProject\CourseProject\Ash.hpp(28,8): warning C4458: declaration of 'board' hides class member
D:\GitHubRepos\CourseProject\CourseProject\CourseProject\Ash.hpp(9,7): message : see declaration of 'Ash::board'
D:\GitHubRepos\CourseProject\CourseProject\CourseProject\Ash.hpp(34,109): warning C4805: '!=': unsafe mix of type 'const _Ty' and type 'const bool' in operation
          with
          [
              _Ty=int
          ]
D:\GitHubRepos\CourseProject\CourseProject\CourseProject\Ash.hpp(37,26): warning C4800: Implicit conversion from 'const _Ty' to bool. Possible information loss
          with
          [
              _Ty=int
          ]
D:\GitHubRepos\CourseProject\CourseProject\CourseProject\Ash.hpp(37,1): message : consider using explicit cast or comparison to 0 to avoid this warning
D:\GitHubRepos\CourseProject\CourseProject\CourseProject\Ash.hpp(37,1): message : see declaration of '_Ty'
D:\GitHubRepos\CourseProject\CourseProject\CourseProject\Die.hpp(7,17): warning C4820: 'Die': '4' bytes padding added after data member 'Die::value'
D:\GitHubRepos\CourseProject\CourseProject\CourseProject\Die.hpp(11,1): warning C4365: 'argument': conversion from 'time_t' to 'uint64_t', signed/unsigned mismatch
D:\GitHubRepos\CourseProject\CourseProject\CourseProject\Die.hpp(27,1): warning C4365: '=': conversion from 'uint32_t' to 'int', signed/unsigned mismatch
D:\GitHubRepos\CourseProject\CourseProject\CourseProject\SingleBoardPosition.hpp(14,1): warning C5204: 'SingleBoardPosition': class has virtual functions, but its trivial destructor is not virtual; instances of objects derived from this class may not be destructed correctly
D:\GitHubRepos\CourseProject\CourseProject\CourseProject\Felix.hpp(27,1): warning C4626: 'Felix': assignment operator was implicitly defined as deleted
D:\GitHubRepos\CourseProject\CourseProject\CourseProject\Felix.hpp(27,1): warning C5027: 'Felix': move assignment operator was implicitly defined as deleted
D:\GitHubRepos\CourseProject\CourseProject\CourseProject\Felix.hpp(25,42): warning C4100: 'in': unreferenced formal parameter
D:\GitHubRepos\CourseProject\CourseProject\CourseProject\Felix.hpp(26,45): warning C4100: 'params': unreferenced formal parameter
D:\GitHubRepos\CourseProject\CourseProject\CourseProject\Game.hpp(16,23): warning C4820: 'Game': '4' bytes padding added after data member 'Game::character1Id'
D:\GitHubRepos\CourseProject\CourseProject\CourseProject\Game.hpp(18,23): warning C4820: 'Game': '4' bytes padding added after data member 'Game::score1'
D:\GitHubRepos\CourseProject\CourseProject\CourseProject\Game.hpp(21,23): warning C4820: 'Game': '4' bytes padding added after data member 'Game::character2Id'
D:\GitHubRepos\CourseProject\CourseProject\CourseProject\Game.hpp(66,1): warning C4820: 'Game': '3' bytes padding added after data member 'Game::turn'
D:\GitHubRepos\CourseProject\CourseProject\CourseProject\FileManager.hpp(39,1): warning C4820: 'FileManager<Game,unsigned int>': '7' bytes padding added after data member 'FileManager<Game,unsigned int>::auto_inc'
D:\GitHubRepos\CourseProject\CourseProject\CourseProject\GameManager.hpp(5,60): message : see reference to class template instantiation 'FileManager<Game,unsigned int>' being compiled
D:\GitHubRepos\CourseProject\CourseProject\CourseProject\FileManager.hpp(38,3): warning C4265: 'FileManager<Game,unsigned int>': class has virtual functions, but its non-trivial destructor is not virtual; instances of this class may not be destructed correctly
D:\GitHubRepos\CourseProject\CourseProject\CourseProject\GameManager.hpp(17,1): warning C4625: 'GameManager': copy constructor was implicitly defined as deleted
D:\GitHubRepos\CourseProject\CourseProject\CourseProject\GameManager.hpp(17,1): warning C5026: 'GameManager': move constructor was implicitly defined as deleted
D:\GitHubRepos\CourseProject\CourseProject\CourseProject\GameManager.hpp(17,1): warning C4626: 'GameManager': assignment operator was implicitly defined as deleted
D:\GitHubRepos\CourseProject\CourseProject\CourseProject\GameManager.hpp(17,1): warning C5027: 'GameManager': move assignment operator was implicitly defined as deleted
D:\GitHubRepos\CourseProject\CourseProject\CourseProject\GameManager.hpp(17,1): warning C4265: 'GameManager': class has virtual functions, but its non-trivial destructor is not virtual; instances of this class may not be destructed correctly
D:\GitHubRepos\CourseProject\CourseProject\CourseProject\StorageSystem.hpp(14,1): warning C4625: 'StorageSystem': copy constructor was implicitly defined as deleted
D:\GitHubRepos\CourseProject\CourseProject\CourseProject\StorageSystem.hpp(14,1): warning C4626: 'StorageSystem': assignment operator was implicitly defined as deleted
D:\GitHubRepos\CourseProject\CourseProject\CourseProject\GameView.hpp(17,12): warning C4820: 'GameView': '7' bytes padding added after data member 'GameView::usingAbility'
D:\GitHubRepos\CourseProject\CourseProject\CourseProject\main.cpp(16,38): warning C4101: 'ex': unreferenced local variable
D:\GitHubRepos\CourseProject\CourseProject\CourseProject\main.cpp(30,38): warning C4101: 'ex': unreferenced local variable
D:\GitHubRepos\CourseProject\CourseProject\CourseProject\Libraries\color.hpp(572,1): warning C4820: 'dye::item<T>': '4' bytes padding added after data member 'dye::item<T>::color'
          with
          [
              T=std::string
          ]
D:\GitHubRepos\CourseProject\CourseProject\CourseProject\Libraries\color.hpp(684): message : see reference to class template instantiation 'dye::item<T>' being compiled
          with
          [
              T=std::string
          ]
D:\GitHubRepos\CourseProject\CourseProject\CourseProject\Ash.hpp(17,1): message : see reference to function template instantiation 'dye::colorful<std::string> dye::red_on_black<std::string>(T)' being compiled
          with
          [
              T=std::string
          ]
x64\Debug\SingleBoardPosition.obj : warning LNK4042: object specified more than once; extras ignored
  CourseProject.vcxproj -> D:\GitHubRepos\CourseProject\CourseProject\x64\Debug\CourseProject.exe
