c:\stuff\c++\unigithubrepos\courseproject\courseproject\courseproject\x64\debug\vc143.pdb
c:\stuff\c++\unigithubrepos\courseproject\courseproject\courseproject\x64\debug\position.obj
c:\stuff\c++\unigithubrepos\courseproject\courseproject\courseproject\x64\debug\playermanager.obj
c:\stuff\c++\unigithubrepos\courseproject\courseproject\courseproject\x64\debug\player.obj
c:\stuff\c++\unigithubrepos\courseproject\courseproject\courseproject\x64\debug\main.obj
c:\stuff\c++\unigithubrepos\courseproject\courseproject\courseproject\x64\debug\gameview.obj
c:\stuff\c++\unigithubrepos\courseproject\courseproject\courseproject\x64\debug\gamemanager.obj
c:\stuff\c++\unigithubrepos\courseproject\courseproject\courseproject\x64\debug\game.obj
c:\stuff\c++\unigithubrepos\courseproject\courseproject\courseproject\x64\debug\columnsingleboardposition.obj
c:\stuff\c++\unigithubrepos\courseproject\courseproject\courseproject\x64\debug\bothboardsposition.obj
c:\stuff\c++\unigithubrepos\courseproject\courseproject\courseproject\x64\debug\board.obj
c:\stuff\c++\unigithubrepos\courseproject\courseproject\courseproject\x64\debug\pcg_basic.obj
c:\stuff\c++\unigithubrepos\courseproject\courseproject\x64\debug\courseproject.pdb
c:\stuff\c++\unigithubrepos\courseproject\courseproject\courseproject\x64\debug\courseproject.tlog\cl.command.1.tlog
c:\stuff\c++\unigithubrepos\courseproject\courseproject\courseproject\x64\debug\courseproject.tlog\cl.read.1.tlog
c:\stuff\c++\unigithubrepos\courseproject\courseproject\courseproject\x64\debug\courseproject.tlog\cl.write.1.tlog
c:\stuff\c++\unigithubrepos\courseproject\courseproject\courseproject\x64\debug\courseproject.tlog\link-cvtres.read.1.tlog
c:\stuff\c++\unigithubrepos\courseproject\courseproject\courseproject\x64\debug\courseproject.tlog\link-cvtres.write.1.tlog
c:\stuff\c++\unigithubrepos\courseproject\courseproject\courseproject\x64\debug\courseproject.tlog\link-rc.read.1.tlog
c:\stuff\c++\unigithubrepos\courseproject\courseproject\courseproject\x64\debug\courseproject.tlog\link-rc.write.1.tlog
c:\stuff\c++\unigithubrepos\courseproject\courseproject\courseproject\x64\debug\courseproject.tlog\link.command.1.tlog
c:\stuff\c++\unigithubrepos\courseproject\courseproject\courseproject\x64\debug\courseproject.tlog\link.read.1.tlog
c:\stuff\c++\unigithubrepos\courseproject\courseproject\courseproject\x64\debug\courseproject.tlog\link.read.2.tlog
c:\stuff\c++\unigithubrepos\courseproject\courseproject\courseproject\x64\debug\courseproject.tlog\link.write.1.tlog
